<?xml version="1.0" encoding="UTF-8"?>
<!-- Generated by org.testng.reporters.JUnitReportReporter -->
<testsuite hostname="AP-HYB-jLc1JClc" failures="0" tests="3" name="com.tutorialsninja.qa.testcases.Login" time="17.570" errors="0" timestamp="2024-12-17T11:05:36 IST" skipped="0">
  <testcase classname="com.tutorialsninja.qa.testcases.Login" name="verifyLoginWithValidCredentiols" time="3.472"/>
  <testcase classname="com.tutorialsninja.qa.testcases.Login" name="verifyLoginWithInvalidEmail" time="2.971"/>
  <testcase classname="com.tutorialsninja.qa.testcases.Login" name="verifyLoginWithInvalidCredentials" time="11.127"/>
</testsuite> <!-- com.tutorialsninja.qa.testcases.Login -->
