<?xml version="1.0" encoding="UTF-8"?>
<!-- Generated by org.testng.reporters.JUnitReportReporter -->
<testsuite hostname="AP-HYB-jLc1JClc" failures="0" tests="1" name="com.tutorialsninja.qa.testcases.Register" time="6.654" errors="0" timestamp="2024-12-17T11:05:54 IST" skipped="0">
  <testcase classname="com.tutorialsninja.qa.testcases.Register" name="verifyRegisteringAnAccountWithMandatoryFields" time="6.654"/>
</testsuite> <!-- com.tutorialsninja.qa.testcases.Register -->
