<?xml version="1.0" encoding="UTF-8"?>
<!-- Generated by org.testng.reporters.JUnitReportReporter -->
<testsuite hostname="AP-HYB-jLc1JClc" failures="0" tests="1" name="com.tutorialsninja.qa.testcases.Search" time="5.129" errors="0" timestamp="2024-12-17T16:25:48 IST" skipped="0">
  <testcase classname="com.tutorialsninja.qa.testcases.Search" name="verifyValidSearch" time="5.129"/>
</testsuite> <!-- com.tutorialsninja.qa.testcases.Search -->
